2023-09-14 16:10:51,429 [INFO] %s Dash server process is running...
2023-09-14 16:10:51,526 [ERROR] Exception while creating Pool for Dash_app: 2005 (HY000): Unknown MySQL server host 'mysql-db' (-2)
Traceback (most recent call last):
  File "/usr/local/lib/python3.9/site-packages/mysql/connector/connection_cext.py", line 302, in _open_connection
    self._cmysql.connect(**cnx_kwargs)
_mysql_connector.MySQLInterfaceError: Unknown MySQL server host 'mysql-db' (-2)

The above exception was the direct cause of the following exception:

Traceback (most recent call last):
  File "/dash_app/app.py", line 39, in <module>
    db_connection_pool = pooling.MySQLConnectionPool(
  File "/usr/local/lib/python3.9/site-packages/mysql/connector/pooling.py", line 430, in __init__
    self.add_connection()
  File "/usr/local/lib/python3.9/site-packages/mysql/connector/pooling.py", line 538, in add_connection
    cnx = connect(**self._cnx_config)  # type: ignore[assignment]
  File "/usr/local/lib/python3.9/site-packages/mysql/connector/pooling.py", line 293, in connect
    return CMySQLConnection(*args, **kwargs)
  File "/usr/local/lib/python3.9/site-packages/mysql/connector/connection_cext.py", line 128, in __init__
    self.connect(**kwargs)
  File "/usr/local/lib/python3.9/site-packages/mysql/connector/abstracts.py", line 1217, in connect
    self._open_connection()
  File "/usr/local/lib/python3.9/site-packages/mysql/connector/connection_cext.py", line 307, in _open_connection
    raise get_mysql_exception(
mysql.connector.errors.DatabaseError: 2005 (HY000): Unknown MySQL server host 'mysql-db' (-2)
2023-09-14 16:11:02,937 [INFO] %s Dash server process is running...
2023-09-14 16:11:03,299 [INFO] Succesfully connected to DB using Pool: db_pool_dash_app
2023-09-14 16:11:03,300 [INFO] Succesfully connected to MySQL Server: 8.0.33
2023-09-14 16:11:03,327 [INFO] Dash is running on http://0.0.0.0:8050/

2023-09-14 16:11:04,532 [INFO] %s Dash server process is running...
2023-09-14 16:11:05,286 [INFO] Succesfully connected to DB using Pool: db_pool_dash_app
2023-09-14 16:11:05,288 [INFO] Succesfully connected to MySQL Server: 8.0.33
2023-09-14 16:21:35,908 [INFO] %s Dash server process is running...
2023-09-14 16:21:36,171 [INFO] Succesfully connected to DB using Pool: db_pool_dash_app
2023-09-14 16:21:36,172 [INFO] Succesfully connected to MySQL Server: 8.0.33
2023-09-14 16:24:31,427 [INFO] %s Dash server process is running...
2023-09-14 16:24:31,672 [INFO] Succesfully connected to DB using Pool: db_pool_dash_app
2023-09-14 16:24:31,673 [INFO] Succesfully connected to MySQL Server: 8.0.33
2023-09-14 16:27:38,998 [INFO] %s Dash server process is running...
2023-09-14 16:27:39,242 [INFO] Succesfully connected to DB using Pool: db_pool_dash_app
2023-09-14 16:27:39,244 [INFO] Succesfully connected to MySQL Server: 8.0.33
2023-09-14 16:30:56,719 [INFO] %s Dash server process is running...
2023-09-14 16:30:56,970 [INFO] Succesfully connected to DB using Pool: db_pool_dash_app
2023-09-14 16:30:56,971 [INFO] Succesfully connected to MySQL Server: 8.0.33
2023-09-14 16:34:36,715 [INFO] %s Dash server process is running...
2023-09-14 16:34:36,996 [INFO] Succesfully connected to DB using Pool: db_pool_dash_app
2023-09-14 16:34:36,997 [INFO] Succesfully connected to MySQL Server: 8.0.33
2023-09-14 16:36:18,946 [INFO] %s Dash server process is running...
2023-09-14 16:36:19,187 [INFO] Succesfully connected to DB using Pool: db_pool_dash_app
2023-09-14 16:36:19,188 [INFO] Succesfully connected to MySQL Server: 8.0.33
2023-09-14 16:37:42,910 [INFO] %s Dash server process is running...
2023-09-14 16:37:43,157 [INFO] Succesfully connected to DB using Pool: db_pool_dash_app
2023-09-14 16:37:43,159 [INFO] Succesfully connected to MySQL Server: 8.0.33
2023-09-14 16:38:25,658 [INFO] %s Dash server process is running...
2023-09-14 16:38:25,910 [INFO] Succesfully connected to DB using Pool: db_pool_dash_app
2023-09-14 16:38:25,911 [INFO] Succesfully connected to MySQL Server: 8.0.33
2023-09-14 16:39:14,423 [INFO] %s Dash server process is running...
2023-09-14 16:39:14,684 [INFO] Succesfully connected to DB using Pool: db_pool_dash_app
2023-09-14 16:39:14,687 [INFO] Succesfully connected to MySQL Server: 8.0.33
2023-09-14 16:41:15,634 [INFO] %s Dash server process is running...
2023-09-14 16:41:15,931 [INFO] Succesfully connected to DB using Pool: db_pool_dash_app
2023-09-14 16:41:15,932 [INFO] Succesfully connected to MySQL Server: 8.0.33
2023-09-14 16:42:07,442 [INFO] %s Dash server process is running...
2023-09-14 16:42:07,690 [INFO] Succesfully connected to DB using Pool: db_pool_dash_app
2023-09-14 16:42:07,692 [INFO] Succesfully connected to MySQL Server: 8.0.33
2023-09-14 16:42:33,003 [INFO] %s Dash server process is running...
2023-09-14 16:42:33,249 [INFO] Succesfully connected to DB using Pool: db_pool_dash_app
2023-09-14 16:42:33,251 [INFO] Succesfully connected to MySQL Server: 8.0.33
2023-09-14 16:43:23,716 [INFO] %s Dash server process is running...
2023-09-14 16:43:23,962 [INFO] Succesfully connected to DB using Pool: db_pool_dash_app
2023-09-14 16:43:23,964 [INFO] Succesfully connected to MySQL Server: 8.0.33
2023-09-14 16:43:53,236 [INFO] %s Dash server process is running...
2023-09-14 16:43:53,479 [INFO] Succesfully connected to DB using Pool: db_pool_dash_app
2023-09-14 16:43:53,480 [INFO] Succesfully connected to MySQL Server: 8.0.33
2023-09-14 16:44:26,806 [INFO] %s Dash server process is running...
2023-09-14 16:44:27,054 [INFO] Succesfully connected to DB using Pool: db_pool_dash_app
2023-09-14 16:44:27,055 [INFO] Succesfully connected to MySQL Server: 8.0.33
2023-09-14 16:45:31,631 [INFO] %s Dash server process is running...
2023-09-14 16:45:31,876 [INFO] Succesfully connected to DB using Pool: db_pool_dash_app
2023-09-14 16:45:31,877 [INFO] Succesfully connected to MySQL Server: 8.0.33
2023-09-14 16:46:48,621 [INFO] %s Dash server process is running...
2023-09-14 16:46:48,883 [INFO] Succesfully connected to DB using Pool: db_pool_dash_app
2023-09-14 16:46:48,884 [INFO] Succesfully connected to MySQL Server: 8.0.33
2023-09-14 16:53:48,868 [INFO] %s Dash server process is running...
2023-09-14 16:53:49,164 [INFO] Succesfully connected to DB using Pool: db_pool_dash_app
2023-09-14 16:53:49,166 [INFO] Succesfully connected to MySQL Server: 8.0.33
2023-09-14 16:55:45,171 [INFO] %s Dash server process is running...
2023-09-14 16:55:45,437 [INFO] Succesfully connected to DB using Pool: db_pool_dash_app
2023-09-14 16:55:45,438 [INFO] Succesfully connected to MySQL Server: 8.0.33
2023-09-14 16:55:56,638 [INFO] %s Dash server process is running...
2023-09-14 16:55:56,889 [INFO] Succesfully connected to DB using Pool: db_pool_dash_app
2023-09-14 16:55:56,890 [INFO] Succesfully connected to MySQL Server: 8.0.33
2023-09-14 16:56:02,100 [INFO] %s Dash server process is running...
2023-09-14 16:56:02,365 [INFO] Succesfully connected to DB using Pool: db_pool_dash_app
2023-09-14 16:56:02,366 [INFO] Succesfully connected to MySQL Server: 8.0.33
2023-09-14 16:56:20,268 [INFO] %s Dash server process is running...
2023-09-14 16:56:20,506 [INFO] Succesfully connected to DB using Pool: db_pool_dash_app
2023-09-14 16:56:20,508 [INFO] Succesfully connected to MySQL Server: 8.0.33
2023-09-14 16:56:20,528 [INFO] Dash is running on http://0.0.0.0:8050/

2023-09-14 16:56:21,596 [INFO] %s Dash server process is running...
2023-09-14 16:56:21,847 [INFO] Succesfully connected to DB using Pool: db_pool_dash_app
2023-09-14 16:56:21,848 [INFO] Succesfully connected to MySQL Server: 8.0.33
